<?xml version="1.0" encoding="UTF-8"?>
<testsuite xmlns:xsi="http://www.w3.org/2001/XMLSchema-instance" xsi:noNamespaceSchemaLocation="https://maven.apache.org/surefire/maven-surefire-plugin/xsd/surefire-test-report.xsd" name="NodeTest" time="0.064" tests="6" errors="0" skipped="0" failures="0">
  <properties>
[...]
</properties>
  <testcase name="addTest" classname="NodeTest" time="0.003"/>
  <testcase name="removeTest1" classname="NodeTest" time="0"/>
  <testcase name="getTest" classname="NodeTest" time="0"/>
  <testcase name="sizeTest" classname="NodeTest" time="0"/>
  <testcase name="getTest1" classname="NodeTest" time="0"/>
  <testcase name="getTest2" classname="NodeTest" time="0"/>
</testsuite>